{
  "artifact_type": "etf_eu_routine_package_readiness",
  "authority_metadata_absent": true,
  "blockers": [],
  "client_output_valid": true,
  "client_surface_clean": true,
  "delivery_authorized": false,
  "dutch_pdf_machine_gate": true,
  "english_pdf_machine_gate": true,
  "funding_authority": false,
  "generated_at_utc": "2026-07-17T13:18:30Z",
  "next_action": "RUN_ROUTINE_GUARDED_DELIVERY",
  "package_manifest": "output/fresh_generation/etf_eu_fresh_generation_package_manifest_20260717_141500.json",
  "pdf_client_grade_gate": "output/quality/etf_eu_routine_pdf_client_grade_20260717_141500.json",
  "pdf_visual_review_artifact": "output/quality/etf_eu_routine_pdf_visual_review_20260717_141500.json",
  "pdf_visual_review_passed": true,
  "portfolio_mutation": false,
  "pricing_artifact": "output/pricing/ucits_close_price_validation_basket_results_20260717_141500.json",
  "pricing_as_of": "2026-07-17",
  "production_delivery_authority": false,
  "raw_status_enums_absent": true,
  "readiness_gate_passed": true,
  "ready_artifact": "output/fresh_generation/etf_eu_ready_for_controlled_delivery_20260717_141500.json",
  "ready_for_controlled_delivery": true,
  "recipient_plaintext_values_exposed": false,
  "report_date": "2026-07-17",
  "report_suffix": "260717_06",
  "routine_run_manifest": "output/run_manifests/etf_eu_routine_run_manifest_2026-07-17_20260717_141500.json",
  "run_id": "20260717_141500",
  "schema_version": "etf_eu_routine_package_readiness_v3",
  "secret_values_exposed": false,
  "valuation_grade": false,
  "warnings": []
}
